<?xml version="1.0" encoding="UTF-8"?>
<testng-results ignored="0" total="0" passed="0" failed="0" skipped="0">
  <reporter-output>
  </reporter-output>
  <suite started-at="2019-10-07T11:45:28 PDT" name="com.pegahtavakoli.automationDemo.AppTest" finished-at="2019-10-07T11:45:28 PDT" duration-ms="5">
    <groups>
    </groups>
    <test started-at="2019-10-07T11:45:28 PDT" name="Command line test" finished-at="2019-10-07T11:45:28 PDT" duration-ms="5">
    </test> <!-- Command line test -->
  </suite> <!-- com.pegahtavakoli.automationDemo.AppTest -->
</testng-results>
